\BOOKMARK [1][-]{section.1}{\376\377\230\171\166\356\116\000\123\345\213\335\213\364\146\016}{}% 1
\BOOKMARK [1][-]{section.2}{\376\377\230\171\166\356\200\375\120\132\116\300\116\110}{}% 2
\BOOKMARK [1][-]{section.3}{\376\377\167\037\133\236\214\003\165\050\224\376\215\357}{}% 3
\BOOKMARK [1][-]{section.4}{\376\377\166\356\137\125\176\323\147\204}{}% 4
\BOOKMARK [1][-]{section.5}{\376\377\163\257\130\203\211\201\154\102\116\016\133\211\210\305}{}% 5
\BOOKMARK [1][-]{section.6}{\376\377\221\115\177\156\000\040\000D\000a\000s\000h\000S\000c\000o\000p\000e\000\040\000A\000P\000I\000\040\000K\000e\000y}{}% 6
\BOOKMARK [1][-]{section.7}{\376\377\150\070\137\303\221\115\177\156\213\364\146\016}{}% 7
\BOOKMARK [2][-]{subsection.7.1}{\376\377\152\041\127\213\221\115\177\156}{section.7}% 8
\BOOKMARK [2][-]{subsection.7.2}{\376\377\124\021\221\317\136\223\221\115\177\156}{section.7}% 9
\BOOKMARK [2][-]{subsection.7.3}{\376\377\000P\000r\000o\000m\000p\000t\000\040\221\115\177\156}{section.7}% 10
\BOOKMARK [2][-]{subsection.7.4}{\376\377\124\130\135\345\152\041\142\337\145\160\143\156\221\115\177\156}{section.7}% 11
\BOOKMARK [1][-]{section.8}{\376\377\150\070\137\303\167\345\213\306\160\271}{}% 12
\BOOKMARK [2][-]{subsection.8.1}{\376\377\116\300\116\110\146\057\000\040\000R\000A\000G}{section.8}% 13
\BOOKMARK [2][-]{subsection.8.2}{\376\377\116\072\116\300\116\110\211\201\122\007\122\006\145\207\150\143}{section.8}% 14
\BOOKMARK [2][-]{subsection.8.3}{\376\377\116\300\116\110\146\057\000\040\000C\000h\000r\000o\000m\000a}{section.8}% 15
\BOOKMARK [2][-]{subsection.8.4}{\376\377\116\300\116\110\146\057\000\040\000R\000e\000A\000c\000t\000\040\000A\000g\000e\000n\000t}{section.8}% 16
\BOOKMARK [1][-]{section.9}{\376\377\000A\000g\000e\000n\000t\000\040\135\345\121\167\213\364\146\016}{}% 17
\BOOKMARK [1][-]{section.10}{\376\377\116\073\211\201\135\345\117\134\155\101\172\013}{}% 18
\BOOKMARK [2][-]{subsection.10.1}{\376\377\117\001\116\032\122\066\136\246\225\356\173\124}{section.10}% 19
\BOOKMARK [2][-]{subsection.10.2}{\376\377\124\130\135\345\116\052\116\272\145\160\143\156\147\345\213\342}{section.10}% 20
\BOOKMARK [2][-]{subsection.10.3}{\376\377\116\052\116\272\124\150\142\245\165\037\142\020}{section.10}% 21
\BOOKMARK [2][-]{subsection.10.4}{\376\377\167\345\213\306\145\207\150\143\116\012\117\040\124\214\121\145\136\223}{section.10}% 22
\BOOKMARK [1][-]{section.11}{\376\377\124\057\122\250\136\224\165\050}{}% 23
\BOOKMARK [1][-]{section.12}{\376\377\143\250\203\120\155\113\213\325\225\356\230\230}{}% 24
\BOOKMARK [1][-]{section.13}{\376\377\116\073\211\201\116\343\170\001\121\145\123\343}{}% 25
\BOOKMARK [2][-]{subsection.13.1}{\376\377\000a\000p\000p\000.\000p\000y}{section.13}% 26
\BOOKMARK [2][-]{subsection.13.2}{\376\377\000a\000g\000e\000n\000t\000/\000r\000e\000a\000c\000t\000\137\000a\000g\000e\000n\000t\000.\000p\000y}{section.13}% 27
\BOOKMARK [2][-]{subsection.13.3}{\376\377\000a\000g\000e\000n\000t\000/\000t\000o\000o\000l\000s\000/\000a\000g\000e\000n\000t\000\137\000t\000o\000o\000l\000s\000.\000p\000y}{section.13}% 28
\BOOKMARK [2][-]{subsection.13.4}{\376\377\000r\000a\000g\000/\000v\000e\000c\000t\000o\000r\000\137\000s\000t\000o\000r\000e\000.\000p\000y}{section.13}% 29
\BOOKMARK [2][-]{subsection.13.5}{\376\377\000r\000a\000g\000/\000r\000a\000g\000\137\000s\000e\000r\000v\000i\000c\000e\000.\000p\000y}{section.13}% 30
\BOOKMARK [2][-]{subsection.13.6}{\376\377\000m\000o\000d\000e\000l\000/\000f\000a\000c\000t\000o\000r\000y\000.\000p\000y}{section.13}% 31
\BOOKMARK [1][-]{section.14}{\376\377\131\202\117\125\145\260\130\236\167\345\213\306\136\223\145\207\150\143}{}% 32
\BOOKMARK [1][-]{section.15}{\376\377\131\202\117\125\145\260\130\236\000\040\000A\000g\000e\000n\000t\000\040\135\345\121\167}{}% 33
\BOOKMARK [1][-]{section.16}{\376\377\136\070\211\301\225\356\230\230}{}% 34
\BOOKMARK [2][-]{subsection.16.1}{\376\377\124\057\122\250\145\366\142\245\000\040\000D\000a\000s\000h\000S\000c\000o\000p\000e\000\040\000A\000P\000I\000\040\000K\000e\000y\000\040\225\031\213\357}{section.16}% 35
\BOOKMARK [2][-]{subsection.16.2}{\376\377\225\356\173\124\176\323\147\234\124\214\167\345\213\306\136\223\121\205\133\271\145\340\121\163}{section.16}% 36
\BOOKMARK [2][-]{subsection.16.3}{\376\377\145\260\130\236\145\207\150\143\124\016\154\241\147\011\210\253\150\300\175\042\122\060}{section.16}% 37
\BOOKMARK [2][-]{subsection.16.4}{\376\377\000A\000g\000e\000n\000t\000\040\217\223\121\372\150\074\137\017\225\031\213\357\142\026\116\055\145\255}{section.16}% 38
\BOOKMARK [2][-]{subsection.16.5}{\376\377\116\055\145\207\146\076\171\072\116\161\170\001}{section.16}% 39
\BOOKMARK [1][-]{section.17}{\376\377\133\146\116\140\215\357\176\277}{}% 40
\BOOKMARK [1][-]{section.18}{\376\377\173\200\123\206\121\231\154\325\123\302\200\003}{}% 41
\BOOKMARK [1][-]{section.19}{\376\377\232\214\145\066\225\356\230\230\116\016\173\124\150\110}{}% 42
\BOOKMARK [2][-]{subsection.19.1}{\376\377\122\066\136\246\174\173\225\356\230\230\116\300\116\110\145\366\120\031\214\003\165\050\000\040\000r\000a\000g\000\137\000s\000u\000m\000m\000a\000r\000i\000z\000e}{section.19}% 43
\BOOKMARK [2][-]{subsection.19.2}{\376\377\116\052\116\272\145\160\143\156\174\173\225\356\230\230\116\072\116\300\116\110\211\201\121\110\203\267\123\326\124\130\135\345\000\040\000I\000D}{section.19}% 44
\BOOKMARK [2][-]{subsection.19.3}{\376\377\124\150\142\245\165\037\142\020\227\000\211\201\124\352\116\233\135\345\121\167}{section.19}% 45
\BOOKMARK [2][-]{subsection.19.4}{\376\377\131\202\117\125\213\251\145\260\130\236\122\066\136\246\145\207\150\143\165\037\145\110}{section.19}% 46
\BOOKMARK [1][-]{section.20}{\376\377\116\000\225\056\217\320\210\114\155\101\172\013}{}% 47
\BOOKMARK [1][-]{section.21}{\376\377\154\350\141\017\116\213\230\171}{}% 48
\BOOKMARK [1][-]{section.22}{\376\377\123\302\200\003\215\104\145\231}{}% 49
